2025-09-28 00:50:40,548 - INFO - Starting STT Application...
2025-09-28 00:50:40,548 - INFO - Determining optimal STT engine...
2025-09-28 00:50:40,561 - INFO - Network available - Using Whisper STT (online)
2025-09-28 00:50:40,561 - ERROR - Application error: stream_microPhone() got an unexpected keyword argument 'silence_threshold'
2025-09-28 00:50:40,561 - ERROR - Fatal error: 'STTApplication' object has no attribute 'shutdown'
2025-09-28 00:51:10,561 - INFO - Determining optimal STT engine...
2025-09-28 00:51:10,575 - INFO - Network available - Using Whisper STT (online)
2025-09-28 00:51:40,575 - INFO - Determining optimal STT engine...
2025-09-28 00:51:40,591 - INFO - Network available - Using Whisper STT (online)
2025-09-28 00:52:10,592 - INFO - Determining optimal STT engine...
2025-09-28 00:52:10,698 - INFO - Network available - Using Whisper STT (online)
2025-09-28 00:52:40,699 - INFO - Determining optimal STT engine...
2025-09-28 00:52:40,710 - INFO - Network available - Using Whisper STT (online)
2025-09-28 00:53:10,710 - INFO - Determining optimal STT engine...
2025-09-28 00:53:10,722 - INFO - Network available - Using Whisper STT (online)
2025-09-28 00:53:40,722 - INFO - Determining optimal STT engine...
2025-09-28 00:53:40,735 - INFO - Network available - Using Whisper STT (online)
2025-09-28 00:54:10,736 - INFO - Determining optimal STT engine...
2025-09-28 00:54:10,750 - INFO - Network available - Using Whisper STT (online)
2025-09-28 00:54:40,750 - INFO - Determining optimal STT engine...
2025-09-28 00:54:40,763 - INFO - Network available - Using Whisper STT (online)
2025-09-28 00:55:10,763 - INFO - Determining optimal STT engine...
2025-09-28 00:55:10,775 - INFO - Network available - Using Whisper STT (online)
2025-09-28 00:55:40,776 - INFO - Determining optimal STT engine...
2025-09-28 00:55:40,789 - INFO - Network available - Using Whisper STT (online)
2025-09-28 00:56:10,789 - INFO - Determining optimal STT engine...
2025-09-28 00:56:10,802 - INFO - Network available - Using Whisper STT (online)
2025-09-28 00:56:40,802 - INFO - Determining optimal STT engine...
2025-09-28 00:56:40,816 - INFO - Network available - Using Whisper STT (online)
2025-09-28 00:57:10,816 - INFO - Determining optimal STT engine...
2025-09-28 00:57:10,832 - INFO - Network available - Using Whisper STT (online)
2025-09-28 00:57:40,833 - INFO - Determining optimal STT engine...
2025-09-28 00:57:40,846 - INFO - Network available - Using Whisper STT (online)
2025-09-28 00:58:10,846 - INFO - Determining optimal STT engine...
2025-09-28 00:58:10,860 - INFO - Network available - Using Whisper STT (online)
